<?xml version="1.0" encoding="UTF-8"?>
<!-- Generated by org.testng.reporters.JUnitReportReporter -->
<testsuite skipped="0" hostname="LAPTOP-FD9FNOTU" name="testCases.LoginPageTest" tests="2" failures="0" timestamp="14 Feb 2021 16:45:17 GMT" time="25.493" errors="0">
  <testcase name="loginTest" time="12.800" classname="testCases.LoginPageTest"/>
  <testcase name="loginpageTitleTest" time="12.693" classname="testCases.LoginPageTest"/>
</testsuite> <!-- testCases.LoginPageTest -->
